<?xml version="1.0" encoding="utf-8"?>
<TestRun id="886eee6c-1e86-4d43-8cb4-54e824b228a4" name="@15c332490e93 2025-11-09 14:33:44" xmlns="http://microsoft.com/schemas/VisualStudio/TeamTest/2010">
  <Times creation="2025-11-09T14:33:44.0377264+00:00" queuing="2025-11-09T14:33:44.0377266+00:00" start="2025-11-09T14:33:30.9740348+00:00" finish="2025-11-09T14:33:44.4082895+00:00" />
  <TestSettings name="default" id="76f46146-f9f4-4c16-b4db-dda62ee35db1">
    <Deployment runDeploymentRoot="_15c332490e93_2025-11-09_14_33_44" />
  </TestSettings>
  <Results>
    <UnitTestResult executionId="0f2ec116-6330-46fb-a842-e589a54a9094" testId="ca08b2f8-7cdb-5b9d-5e50-d046a3e938d7" testName="UC1_EmptyCredentialsTest (&quot;&quot;,&quot;&quot;,&quot;Epic sadface: Username is required&quot;)" computerName="15c332490e93" duration="00:00:11.2492349" startTime="2025-11-09T14:33:32.1478443+00:00" endTime="2025-11-09T14:33:43.5647173+00:00" testType="13cdc9d9-ddb5-4fa4-a97d-d965ccfc6d4b" outcome="Passed" testListId="8c84fa94-04c1-424b-9868-57a2d4851a1d" relativeResultsDirectory="0f2ec116-6330-46fb-a842-e589a54a9094">
      <Output>
        <StdOut>Connection refused (localhost:37867)
Connection refused (localhost:37867)
Connection refused (localhost:37867)
Connection refused (localhost:37867)
Connection refused (localhost:37867)
Connection refused (localhost:37867)



Debug Trace:
sauce.Base.BaseTest: 14:33:32,324 [.NET TP Worker] INFO sauce.Base.BaseTest - Starting test setup.
sauce.Base.BaseTest: 14:33:41,766 [.NET TP Worker] INFO sauce.Base.BaseTest - Test setup complete.
sauce.Base.BaseTest: 14:33:41,767 [.NET TP Worker] INFO sauce.Base.BaseTest - Running UC1 with username: '', password: ''
sauce.Base.BaseTest: 14:33:43,336 [.NET TP Worker] INFO sauce.Base.BaseTest - UC1 finished.
sauce.Base.BaseTest: 14:33:43,340 [.NET TP Worker] INFO sauce.Base.BaseTest - Starting test cleanup.
sauce.Base.BaseTest: 14:33:43,556 [.NET TP Worker] INFO sauce.Base.BaseTest - Test cleanup complete.</StdOut>
      </Output>
    </UnitTestResult>
    <UnitTestResult executionId="694aeccf-7f06-4d84-8e88-1edd8aaefac8" testId="2f515dcb-cff3-27e7-d748-765b3ddcd52c" testName="UC3_ValidCredentialsTest (&quot;standard_user&quot;,&quot;secret_sauce&quot;,&quot;Products&quot;)" computerName="15c332490e93" duration="00:00:11.9422464" startTime="2025-11-09T14:33:32.1502556+00:00" endTime="2025-11-09T14:33:44.2525693+00:00" testType="13cdc9d9-ddb5-4fa4-a97d-d965ccfc6d4b" outcome="Passed" testListId="8c84fa94-04c1-424b-9868-57a2d4851a1d" relativeResultsDirectory="694aeccf-7f06-4d84-8e88-1edd8aaefac8">
      <Output>
        <StdOut>Connection refused (localhost:41517)
Connection refused (localhost:41517)
Connection refused (localhost:41517)
Connection refused (localhost:41517)
Connection refused (localhost:41517)
Connection refused (localhost:41517)
Connection refused (localhost:41517)
Connection refused (localhost:41517)
Connection refused (localhost:41517)
Connection refused (localhost:41517)
Connection refused (localhost:41517)
Connection refused (localhost:41517)
Connection refused (localhost:41517)
Connection refused (localhost:41517)
Connection refused (localhost:41517)
Connection refused (localhost:41517)
Connection refused (localhost:41517)
Connection refused (localhost:41517)
Connection refused (localhost:41517)
Connection refused (localhost:41517)
Connection refused (localhost:41517)
Connection refused (localhost:41517)
Connection refused (localhost:41517)
Connection refused (localhost:41517)



Debug Trace:
sauce.Base.BaseTest: 14:33:32,323 [.NET TP Worker] INFO sauce.Base.BaseTest - Starting test setup.
sauce.Base.BaseTest: 14:33:42,869 [.NET TP Worker] INFO sauce.Base.BaseTest - Test setup complete.
sauce.Base.BaseTest: 14:33:42,871 [.NET TP Worker] INFO sauce.Base.BaseTest - Running UC3 with username: 'standard_user', password: 'secret_sauce'
sauce.Base.BaseTest: 14:33:44,107 [.NET TP Worker] INFO sauce.Base.BaseTest - UC3 finished.
sauce.Base.BaseTest: 14:33:44,108 [.NET TP Worker] INFO sauce.Base.BaseTest - Starting test cleanup.
sauce.Base.BaseTest: 14:33:44,249 [.NET TP Worker] INFO sauce.Base.BaseTest - Test cleanup complete.</StdOut>
      </Output>
    </UnitTestResult>
    <UnitTestResult executionId="375bd89e-abae-4888-9dd9-3f5091e73f56" testId="fc684227-d3ad-1601-6c93-f0c5405768b8" testName="UC2_EmptyPasswordTest (&quot;standard_user&quot;,&quot;&quot;,&quot;Epic sadface: Password is required&quot;)" computerName="15c332490e93" duration="00:00:11.2856083" startTime="2025-11-09T14:33:32.1501636+00:00" endTime="2025-11-09T14:33:43.5932203+00:00" testType="13cdc9d9-ddb5-4fa4-a97d-d965ccfc6d4b" outcome="Passed" testListId="8c84fa94-04c1-424b-9868-57a2d4851a1d" relativeResultsDirectory="375bd89e-abae-4888-9dd9-3f5091e73f56">
      <Output>
        <StdOut>Debug Trace:
sauce.Base.BaseTest: 14:33:32,323 [.NET TP Worker] INFO sauce.Base.BaseTest - Starting test setup.
sauce.Base.BaseTest: 14:33:41,482 [.NET TP Worker] INFO sauce.Base.BaseTest - Test setup complete.
sauce.Base.BaseTest: 14:33:41,494 [.NET TP Worker] INFO sauce.Base.BaseTest - Running UC2 with username: 'standard_user', password: ''
sauce.Base.BaseTest: 14:33:43,338 [.NET TP Worker] INFO sauce.Base.BaseTest - UC2 finished.
sauce.Base.BaseTest: 14:33:43,341 [.NET TP Worker] INFO sauce.Base.BaseTest - Starting test cleanup.
sauce.Base.BaseTest: 14:33:43,592 [.NET TP Worker] INFO sauce.Base.BaseTest - Test cleanup complete.</StdOut>
      </Output>
    </UnitTestResult>
  </Results>
  <TestDefinitions>
    <UnitTest name="UC2_EmptyPasswordTest (&quot;standard_user&quot;,&quot;&quot;,&quot;Epic sadface: Password is required&quot;)" storage="/src/sauce/bin/debug/net9.0/sauce.dll" id="fc684227-d3ad-1601-6c93-f0c5405768b8">
      <Execution id="375bd89e-abae-4888-9dd9-3f5091e73f56" />
      <TestMethod codeBase="/src/sauce/bin/Debug/net9.0/sauce.dll" adapterTypeName="executor://mstestadapter/v2" className="sauce.Tests.LoginTests" name="UC2_EmptyPasswordTest" />
    </UnitTest>
    <UnitTest name="UC3_ValidCredentialsTest (&quot;standard_user&quot;,&quot;secret_sauce&quot;,&quot;Products&quot;)" storage="/src/sauce/bin/debug/net9.0/sauce.dll" id="2f515dcb-cff3-27e7-d748-765b3ddcd52c">
      <Execution id="694aeccf-7f06-4d84-8e88-1edd8aaefac8" />
      <TestMethod codeBase="/src/sauce/bin/Debug/net9.0/sauce.dll" adapterTypeName="executor://mstestadapter/v2" className="sauce.Tests.LoginTests" name="UC3_ValidCredentialsTest" />
    </UnitTest>
    <UnitTest name="UC1_EmptyCredentialsTest (&quot;&quot;,&quot;&quot;,&quot;Epic sadface: Username is required&quot;)" storage="/src/sauce/bin/debug/net9.0/sauce.dll" id="ca08b2f8-7cdb-5b9d-5e50-d046a3e938d7">
      <Execution id="0f2ec116-6330-46fb-a842-e589a54a9094" />
      <TestMethod codeBase="/src/sauce/bin/Debug/net9.0/sauce.dll" adapterTypeName="executor://mstestadapter/v2" className="sauce.Tests.LoginTests" name="UC1_EmptyCredentialsTest" />
    </UnitTest>
  </TestDefinitions>
  <TestEntries>
    <TestEntry testId="ca08b2f8-7cdb-5b9d-5e50-d046a3e938d7" executionId="0f2ec116-6330-46fb-a842-e589a54a9094" testListId="8c84fa94-04c1-424b-9868-57a2d4851a1d" />
    <TestEntry testId="2f515dcb-cff3-27e7-d748-765b3ddcd52c" executionId="694aeccf-7f06-4d84-8e88-1edd8aaefac8" testListId="8c84fa94-04c1-424b-9868-57a2d4851a1d" />
    <TestEntry testId="fc684227-d3ad-1601-6c93-f0c5405768b8" executionId="375bd89e-abae-4888-9dd9-3f5091e73f56" testListId="8c84fa94-04c1-424b-9868-57a2d4851a1d" />
  </TestEntries>
  <TestLists>
    <TestList name="Results Not in a List" id="8c84fa94-04c1-424b-9868-57a2d4851a1d" />
    <TestList name="All Loaded Results" id="19431567-8539-422a-85d7-44ee4e166bda" />
  </TestLists>
  <ResultSummary outcome="Completed">
    <Counters total="3" executed="3" passed="3" failed="0" error="0" timeout="0" aborted="0" inconclusive="0" passedButRunAborted="0" notRunnable="0" notExecuted="0" disconnected="0" warning="0" completed="0" inProgress="0" pending="0" />
    <Output>
      <StdOut>Test Parallelization enabled for /src/sauce/bin/Debug/net9.0/sauce.dll (Workers: 4, Scope: MethodLevel)
Starting ChromeDriver 142.0.7444.61 (9884f628acbc5ba8787e2c95a8923a30cf127fd8-refs/branch-heads/7444_52@{#6}) on port 34109
Only local connections are allowed.
Please see https://chromedriver.chromium.org/security-considerations for suggestions on keeping ChromeDriver safe.
ChromeDriver was started successfully on port 34109.
Starting ChromeDriver 142.0.7444.61 (9884f628acbc5ba8787e2c95a8923a30cf127fd8-refs/branch-heads/7444_52@{#6}) on port 37867
Only local connections are allowed.
Please see https://chromedriver.chromium.org/security-considerations for suggestions on keeping ChromeDriver safe.
ChromeDriver was started successfully on port 37867.
Starting ChromeDriver 142.0.7444.61 (9884f628acbc5ba8787e2c95a8923a30cf127fd8-refs/branch-heads/7444_52@{#6}) on port 41517
Only local connections are allowed.
Please see https://chromedriver.chromium.org/security-considerations for suggestions on keeping ChromeDriver safe.
ChromeDriver was started successfully on port 41517.
</StdOut>
    </Output>
  </ResultSummary>
</TestRun>