<?xml version="1.0" encoding="utf-8"?>
<TestRun id="af3ba62a-c0af-4768-b8df-81ef445caea3" name="@4a73a12c175c 2025-11-09 14:34:45" xmlns="http://microsoft.com/schemas/VisualStudio/TeamTest/2010">
  <Times creation="2025-11-09T14:34:45.8681297+00:00" queuing="2025-11-09T14:34:45.8681298+00:00" start="2025-11-09T14:34:33.8580460+00:00" finish="2025-11-09T14:34:45.8817318+00:00" />
  <TestSettings name="default" id="ac755890-015b-4380-baee-6997d2879960">
    <Deployment runDeploymentRoot="_4a73a12c175c_2025-11-09_14_34_45" />
  </TestSettings>
  <Results>
    <UnitTestResult executionId="56e43ca4-18d5-4746-8165-7c4b4f669ed2" testId="fc684227-d3ad-1601-6c93-f0c5405768b8" testName="UC2_EmptyPasswordTest (&quot;standard_user&quot;,&quot;&quot;,&quot;Epic sadface: Password is required&quot;)" computerName="4a73a12c175c" duration="00:00:10.5839587" startTime="2025-11-09T14:34:34.8768599+00:00" endTime="2025-11-09T14:34:45.6043781+00:00" testType="13cdc9d9-ddb5-4fa4-a97d-d965ccfc6d4b" outcome="Passed" testListId="8c84fa94-04c1-424b-9868-57a2d4851a1d" relativeResultsDirectory="56e43ca4-18d5-4746-8165-7c4b4f669ed2">
      <Output>
        <StdOut>Connection refused (localhost:36637)
Connection refused (localhost:36637)
Connection refused (localhost:36637)
Connection refused (localhost:36637)
Connection refused (localhost:36637)
Connection refused (localhost:36637)
Connection refused (localhost:36637)
Connection refused (localhost:36637)



Debug Trace:
sauce.Base.BaseTest: 14:34:35,036 [.NET TP Worker] INFO sauce.Base.BaseTest - Starting test setup.
sauce.Base.BaseTest: 14:34:44,300 [.NET TP Worker] INFO sauce.Base.BaseTest - Test setup complete.
sauce.Base.BaseTest: 14:34:44,301 [.NET TP Worker] INFO sauce.Base.BaseTest - Running UC2 with username: 'standard_user', password: ''
sauce.Base.BaseTest: 14:34:45,490 [.NET TP Worker] INFO sauce.Base.BaseTest - UC2 finished.
sauce.Base.BaseTest: 14:34:45,491 [.NET TP Worker] INFO sauce.Base.BaseTest - Starting test cleanup.
sauce.Base.BaseTest: 14:34:45,603 [.NET TP Worker] INFO sauce.Base.BaseTest - Test cleanup complete.</StdOut>
      </Output>
    </UnitTestResult>
    <UnitTestResult executionId="67d5dc2b-6d58-4994-bfbd-a9b9220607c2" testId="2f515dcb-cff3-27e7-d748-765b3ddcd52c" testName="UC3_ValidCredentialsTest (&quot;standard_user&quot;,&quot;secret_sauce&quot;,&quot;Products&quot;)" computerName="4a73a12c175c" duration="00:00:10.6528622" startTime="2025-11-09T14:34:34.8768881+00:00" endTime="2025-11-09T14:34:45.6789385+00:00" testType="13cdc9d9-ddb5-4fa4-a97d-d965ccfc6d4b" outcome="Passed" testListId="8c84fa94-04c1-424b-9868-57a2d4851a1d" relativeResultsDirectory="67d5dc2b-6d58-4994-bfbd-a9b9220607c2">
      <Output>
        <StdOut>Debug Trace:
sauce.Base.BaseTest: 14:34:35,039 [.NET TP Worker] INFO sauce.Base.BaseTest - Starting test setup.
sauce.Base.BaseTest: 14:34:43,905 [.NET TP Worker] INFO sauce.Base.BaseTest - Test setup complete.
sauce.Base.BaseTest: 14:34:43,906 [.NET TP Worker] INFO sauce.Base.BaseTest - Running UC3 with username: 'standard_user', password: 'secret_sauce'
sauce.Base.BaseTest: 14:34:45,511 [.NET TP Worker] INFO sauce.Base.BaseTest - UC3 finished.
sauce.Base.BaseTest: 14:34:45,511 [.NET TP Worker] INFO sauce.Base.BaseTest - Starting test cleanup.
sauce.Base.BaseTest: 14:34:45,675 [.NET TP Worker] INFO sauce.Base.BaseTest - Test cleanup complete.</StdOut>
      </Output>
    </UnitTestResult>
    <UnitTestResult executionId="424fe086-8186-447b-b7ab-58dc7b53702e" testId="ca08b2f8-7cdb-5b9d-5e50-d046a3e938d7" testName="UC1_EmptyCredentialsTest (&quot;&quot;,&quot;&quot;,&quot;Epic sadface: Username is required&quot;)" computerName="4a73a12c175c" duration="00:00:10.2566630" startTime="2025-11-09T14:34:34.8767731+00:00" endTime="2025-11-09T14:34:45.2890238+00:00" testType="13cdc9d9-ddb5-4fa4-a97d-d965ccfc6d4b" outcome="Passed" testListId="8c84fa94-04c1-424b-9868-57a2d4851a1d" relativeResultsDirectory="424fe086-8186-447b-b7ab-58dc7b53702e">
      <Output>
        <StdOut>Connection refused (localhost:39743)
Connection refused (localhost:39743)
Connection refused (localhost:39743)
Connection refused (localhost:39743)
Connection refused (localhost:39743)



Debug Trace:
sauce.Base.BaseTest: 14:34:35,042 [.NET TP Worker] INFO sauce.Base.BaseTest - Starting test setup.
sauce.Base.BaseTest: 14:34:44,014 [.NET TP Worker] INFO sauce.Base.BaseTest - Test setup complete.
sauce.Base.BaseTest: 14:34:44,015 [.NET TP Worker] INFO sauce.Base.BaseTest - Running UC1 with username: '', password: ''
sauce.Base.BaseTest: 14:34:45,147 [.NET TP Worker] INFO sauce.Base.BaseTest - UC1 finished.
sauce.Base.BaseTest: 14:34:45,151 [.NET TP Worker] INFO sauce.Base.BaseTest - Starting test cleanup.
sauce.Base.BaseTest: 14:34:45,283 [.NET TP Worker] INFO sauce.Base.BaseTest - Test cleanup complete.</StdOut>
      </Output>
    </UnitTestResult>
  </Results>
  <TestDefinitions>
    <UnitTest name="UC2_EmptyPasswordTest (&quot;standard_user&quot;,&quot;&quot;,&quot;Epic sadface: Password is required&quot;)" storage="/src/sauce/bin/debug/net9.0/sauce.dll" id="fc684227-d3ad-1601-6c93-f0c5405768b8">
      <Execution id="56e43ca4-18d5-4746-8165-7c4b4f669ed2" />
      <TestMethod codeBase="/src/sauce/bin/Debug/net9.0/sauce.dll" adapterTypeName="executor://mstestadapter/v2" className="sauce.Tests.LoginTests" name="UC2_EmptyPasswordTest" />
    </UnitTest>
    <UnitTest name="UC3_ValidCredentialsTest (&quot;standard_user&quot;,&quot;secret_sauce&quot;,&quot;Products&quot;)" storage="/src/sauce/bin/debug/net9.0/sauce.dll" id="2f515dcb-cff3-27e7-d748-765b3ddcd52c">
      <Execution id="67d5dc2b-6d58-4994-bfbd-a9b9220607c2" />
      <TestMethod codeBase="/src/sauce/bin/Debug/net9.0/sauce.dll" adapterTypeName="executor://mstestadapter/v2" className="sauce.Tests.LoginTests" name="UC3_ValidCredentialsTest" />
    </UnitTest>
    <UnitTest name="UC1_EmptyCredentialsTest (&quot;&quot;,&quot;&quot;,&quot;Epic sadface: Username is required&quot;)" storage="/src/sauce/bin/debug/net9.0/sauce.dll" id="ca08b2f8-7cdb-5b9d-5e50-d046a3e938d7">
      <Execution id="424fe086-8186-447b-b7ab-58dc7b53702e" />
      <TestMethod codeBase="/src/sauce/bin/Debug/net9.0/sauce.dll" adapterTypeName="executor://mstestadapter/v2" className="sauce.Tests.LoginTests" name="UC1_EmptyCredentialsTest" />
    </UnitTest>
  </TestDefinitions>
  <TestEntries>
    <TestEntry testId="fc684227-d3ad-1601-6c93-f0c5405768b8" executionId="56e43ca4-18d5-4746-8165-7c4b4f669ed2" testListId="8c84fa94-04c1-424b-9868-57a2d4851a1d" />
    <TestEntry testId="2f515dcb-cff3-27e7-d748-765b3ddcd52c" executionId="67d5dc2b-6d58-4994-bfbd-a9b9220607c2" testListId="8c84fa94-04c1-424b-9868-57a2d4851a1d" />
    <TestEntry testId="ca08b2f8-7cdb-5b9d-5e50-d046a3e938d7" executionId="424fe086-8186-447b-b7ab-58dc7b53702e" testListId="8c84fa94-04c1-424b-9868-57a2d4851a1d" />
  </TestEntries>
  <TestLists>
    <TestList name="Results Not in a List" id="8c84fa94-04c1-424b-9868-57a2d4851a1d" />
    <TestList name="All Loaded Results" id="19431567-8539-422a-85d7-44ee4e166bda" />
  </TestLists>
  <ResultSummary outcome="Completed">
    <Counters total="3" executed="3" passed="3" failed="0" error="0" timeout="0" aborted="0" inconclusive="0" passedButRunAborted="0" notRunnable="0" notExecuted="0" disconnected="0" warning="0" completed="0" inProgress="0" pending="0" />
    <Output>
      <StdOut>Test Parallelization enabled for /src/sauce/bin/Debug/net9.0/sauce.dll (Workers: 4, Scope: MethodLevel)
Starting ChromeDriver 142.0.7444.61 (9884f628acbc5ba8787e2c95a8923a30cf127fd8-refs/branch-heads/7444_52@{#6}) on port 38053
Only local connections are allowed.
Please see https://chromedriver.chromium.org/security-considerations for suggestions on keeping ChromeDriver safe.
ChromeDriver was started successfully on port 38053.
Starting ChromeDriver 142.0.7444.61 (9884f628acbc5ba8787e2c95a8923a30cf127fd8-refs/branch-heads/7444_52@{#6}) on port 39743
Only local connections are allowed.
Please see https://chromedriver.chromium.org/security-considerations for suggestions on keeping ChromeDriver safe.
ChromeDriver was started successfully on port 39743.
Starting ChromeDriver 142.0.7444.61 (9884f628acbc5ba8787e2c95a8923a30cf127fd8-refs/branch-heads/7444_52@{#6}) on port 36637
Only local connections are allowed.
Please see https://chromedriver.chromium.org/security-considerations for suggestions on keeping ChromeDriver safe.
ChromeDriver was started successfully on port 36637.
</StdOut>
    </Output>
  </ResultSummary>
</TestRun>